{"name": "test_login_success", "status": "failed", "statusDetails": {"message": "AssertionError: assert '1' == 1", "trace": "self = <python_.lacheln.pytest.course录播.allure.usage.test_allure_feature.TestLogin object at 0x10c655100>\n\n    @allure.story(\"登录失败\")\n    def test_login_success(self):\n        print(\"打开应用\")\n        print(\"登录页面\")\n>       assert '1' == 1\nE       AssertionError: assert '1' == 1\n\ntest_allure_feature.py:55: AssertionError"}, "start": 1655667640421, "stop": 1655667640421, "uuid": "3ff2b30c-b642-4d3d-8a41-d9686eeccaf9", "historyId": "ec71f22a4df08652d0a751c0421ca3cc", "testCaseId": "6dc7035b4d62cedc9eacafec3ef66adc", "fullName": "python_.lacheln.pytest.course录播.allure.usage.test_allure_feature.TestLogin#test_login_success", "labels": [{"name": "story", "value": "登录失败"}, {"name": "feature", "value": "登录模块"}, {"name": "parentSuite", "value": "python_.lacheln.pytest.course录播.allure.usage"}, {"name": "suite", "value": "test_allure_feature"}, {"name": "subSuite", "value": "TestLogin"}, {"name": "host", "value": "lachelndeMacBook-Pro.local"}, {"name": "thread", "value": "71702-MainThread"}, {"name": "framework", "value": "pytest"}, {"name": "language", "value": "cpython3"}, {"name": "package", "value": "python_.lacheln.pytest.course录播.allure.usage.test_allure_feature"}]}