{"name": "test_fail", "status": "failed", "statusDetails": {"message": "AssertionError: assert False", "trace": "def test_fail():\n>       assert False\nE       assert False\n\ntest_allure_demo.py:13: AssertionError"}, "start": 1655664766723, "stop": 1655664766723, "uuid": "0715874c-15ea-4ca4-bd37-558e32771ad1", "historyId": "9c1f9e525878e3316781d898f00afa0f", "testCaseId": "1d80109ee1d08cde7fa80659b4a75fc9", "fullName": "python_.lacheln.pytest.course录播.allure.test_allure_demo#test_fail", "labels": [{"name": "parentSuite", "value": "python_.lacheln.pytest.course录播.allure"}, {"name": "suite", "value": "test_allure_demo"}, {"name": "host", "value": "lachelndeMacBook-Pro.local"}, {"name": "thread", "value": "49564-MainThread"}, {"name": "framework", "value": "pytest"}, {"name": "language", "value": "cpython3"}, {"name": "package", "value": "python_.lacheln.pytest.course录播.allure.test_allure_demo"}]}